date:2014-01-10 15:56:07	thread:main	X-Track:	level:WARN 	logger:org.springframework.web.client.RestTemplate     	message:GET request for "http://localhost:8080/terasoluna-gfw-web-blank/members" resulted in 400 (Bad Request); invoking error handler
date:2014-01-10 16:32:25	thread:main	X-Track:	level:WARN 	logger:org.springframework.web.client.RestTemplate     	message:POST request for "http://localhost:8080/terasoluna-gfw-web-blank/members" resulted in 403 (Forbidden); invoking error handler
date:2014-01-10 16:34:16	thread:main	X-Track:	level:WARN 	logger:org.springframework.web.client.RestTemplate     	message:POST request for "http://localhost:8080/terasoluna-gfw-web-blank/members" resulted in 400 (Bad Request); invoking error handler
date:2014-01-10 16:42:19	thread:main	X-Track:	level:WARN 	logger:org.springframework.web.client.RestTemplate     	message:POST request for "http://localhost:8080/terasoluna-gfw-web-blank/members" resulted in 500 (Internal Server Error); invoking error handler
date:2014-01-10 16:44:23	thread:main	X-Track:	level:WARN 	logger:org.springframework.web.client.RestTemplate     	message:POST request for "http://localhost:8080/terasoluna-gfw-web-blank/members" resulted in 400 (Bad Request); invoking error handler
date:2014-01-10 16:46:52	thread:main	X-Track:	level:WARN 	logger:org.springframework.web.client.RestTemplate     	message:POST request for "http://localhost:9999/terasoluna-gfw-web-blank/members" resulted in 400 (Bad Request); invoking error handler
date:2014-01-10 16:49:59	thread:main	X-Track:	level:WARN 	logger:org.springframework.web.client.RestTemplate     	message:POST request for "http://localhost:9999/terasoluna-gfw-web-blank/members" resulted in 400 (Bad Request); invoking error handler
date:2014-01-10 17:25:10	thread:main	X-Track:	level:WARN 	logger:org.springframework.web.client.RestTemplate     	message:GET request for "http://localhost:9999/terasoluna-gfw-web-blank/members/M999-999-9999" resulted in 500 (Internal Server Error); invoking error handler
date:2014-01-10 17:43:42	thread:main	X-Track:	level:WARN 	logger:org.springframework.web.client.RestTemplate     	message:GET request for "http://localhost:9999/terasoluna-gfw-web-blank/members/ge?t=1389343421852" resulted in 500 (Internal Server Error); invoking error handler
date:2014-01-10 17:46:50	thread:main	X-Track:	level:WARN 	logger:org.springframework.web.client.RestTemplate     	message:GET request for "http://localhost:9999/terasoluna-gfw-web-blank/members/ge?t=1389343610545" resulted in 500 (Internal Server Error); invoking error handler
date:2014-01-10 17:47:03	thread:main	X-Track:	level:WARN 	logger:org.springframework.web.client.RestTemplate     	message:GET request for "http://localhost:9999/terasoluna-gfw-web-blank/members/ge?t=1389343623614" resulted in 500 (Internal Server Error); invoking error handler
date:2014-01-10 17:48:17	thread:main	X-Track:	level:WARN 	logger:org.springframework.web.client.RestTemplate     	message:GET request for "http://localhost:9999/terasoluna-gfw-web-blank/members/ge?t=1389343696805" resulted in 500 (Internal Server Error); invoking error handler
date:2014-01-10 18:43:20	thread:main	X-Track:	level:WARN 	logger:org.springframework.web.client.RestTemplate     	message:DELETE request for "http://localhost:9999/terasoluna-gfw-web-blank/members" resulted in 405 (Method Not Allowed); invoking error handler
date:2014-01-10 18:47:44	thread:main	X-Track:	level:WARN 	logger:org.springframework.web.client.RestTemplate     	message:DELETE request for "http://localhost:9999/terasoluna-gfw-web-blank/members" resulted in 405 (Method Not Allowed); invoking error handler
date:2014-01-10 18:55:06	thread:main	X-Track:	level:WARN 	logger:org.springframework.web.client.RestTemplate     	message:POST request for "http://localhost:9999/terasoluna-gfw-web-blank/members/be96842c-b5e5-4b1e-93a8-d00ce3ae0f77" resulted in 405 (Method Not Allowed); invoking error handler
date:2014-01-10 18:58:26	thread:main	X-Track:	level:WARN 	logger:org.springframework.web.client.RestTemplate     	message:GET request for "http://localhost:9999/terasoluna-gfw-web-blank/members/xxxx" resulted in 500 (Internal Server Error); invoking error handler
date:2014-01-10 19:02:10	thread:main	X-Track:	level:WARN 	logger:org.springframework.web.client.RestTemplate     	message:GET request for "http://localhost:9999/terasoluna-gfw-web-blank/members/xxxx" resulted in 404 (Not Found); invoking error handler
date:2014-01-10 19:03:32	thread:main	X-Track:	level:WARN 	logger:org.springframework.web.client.RestTemplate     	message:GET request for "http://localhost:9999/terasoluna-gfw-web-blank/members?name=" resulted in 400 (Bad Request); invoking error handler
date:2014-01-10 19:09:40	thread:main	X-Track:	level:WARN 	logger:org.springframework.web.client.RestTemplate     	message:POST request for "http://localhost:9999/terasoluna-gfw-web-blank/members" resulted in 403 (Forbidden); invoking error handler
date:2014-01-10 19:10:27	thread:main	X-Track:	level:WARN 	logger:org.springframework.web.client.RestTemplate     	message:POST request for "http://localhost:9999/terasoluna-gfw-web-blank/members" resulted in 403 (Forbidden); invoking error handler
date:2014-01-10 19:13:40	thread:main	X-Track:	level:WARN 	logger:org.springframework.web.client.RestTemplate     	message:POST request for "http://localhost:9999/terasoluna-gfw-web-blank/members" resulted in 400 (Bad Request); invoking error handler
date:2014-01-10 19:20:31	thread:main	X-Track:	level:WARN 	logger:org.springframework.web.client.RestTemplate     	message:POST request for "http://localhost:9999/terasoluna-gfw-web-blank/members" resulted in 400 (Bad Request); invoking error handler
date:2014-01-10 19:29:10	thread:main	X-Track:	level:WARN 	logger:org.springframework.web.client.RestTemplate     	message:PUT request for "http://localhost:9999/terasoluna-gfw-web-blank/members/10c77b33-13d4-47aa-9b1e-49f38524ff8b" resulted in 415 (Unsupported Media Type); invoking error handler
date:2014-01-10 19:31:20	thread:main	X-Track:	level:WARN 	logger:org.springframework.web.client.RestTemplate     	message:GET request for "http://localhost:9999/terasoluna-gfw-web-blank/members/c9be0929-59dd-4039-8377-f3abe2ca64a0.xml" resulted in 406 (Not Acceptable); invoking error handler
date:2014-01-10 19:37:54	thread:main	X-Track:	level:WARN 	logger:org.springframework.web.client.RestTemplate     	message:DELETE request for "http://localhost:9999/terasoluna-gfw-web-blank/members" resulted in 405 (Method Not Allowed); invoking error handler
date:2014-01-10 19:37:54	thread:main	X-Track:	level:WARN 	logger:org.springframework.web.client.RestTemplate     	message:POST request for "http://localhost:9999/terasoluna-gfw-web-blank/members/61b58574-be7b-4a35-abdc-2bf99f6e4db3" resulted in 405 (Method Not Allowed); invoking error handler
date:2014-01-10 19:37:54	thread:main	X-Track:	level:WARN 	logger:org.springframework.web.client.RestTemplate     	message:PUT request for "http://localhost:9999/terasoluna-gfw-web-blank/members/4890b265-5737-4266-a678-cdc9226af02a" resulted in 415 (Unsupported Media Type); invoking error handler
date:2014-01-10 19:37:54	thread:main	X-Track:	level:WARN 	logger:org.springframework.web.client.RestTemplate     	message:GET request for "http://localhost:9999/terasoluna-gfw-web-blank/members?name=" resulted in 400 (Bad Request); invoking error handler
date:2014-01-10 19:37:54	thread:main	X-Track:	level:WARN 	logger:org.springframework.web.client.RestTemplate     	message:POST request for "http://localhost:9999/terasoluna-gfw-web-blank/members" resulted in 400 (Bad Request); invoking error handler
date:2014-01-10 19:37:54	thread:main	X-Track:	level:WARN 	logger:org.springframework.web.client.RestTemplate     	message:POST request for "http://localhost:9999/terasoluna-gfw-web-blank/members" resulted in 400 (Bad Request); invoking error handler
date:2014-01-10 19:37:55	thread:main	X-Track:	level:WARN 	logger:org.springframework.web.client.RestTemplate     	message:GET request for "http://localhost:9999/terasoluna-gfw-web-blank/members/xxxx" resulted in 404 (Not Found); invoking error handler
date:2014-01-10 19:37:55	thread:main	X-Track:	level:WARN 	logger:org.springframework.web.client.RestTemplate     	message:GET request for "http://localhost:9999/terasoluna-gfw-web-blank/members/763af5bb-ceb8-4c03-ba46-eb560a71396b.xml" resulted in 406 (Not Acceptable); invoking error handler
date:2014-01-10 19:48:20	thread:main	X-Track:	level:WARN 	logger:org.springframework.web.client.RestTemplate     	message:DELETE request for "http://localhost:9999/terasoluna-gfw-web-blank/members" resulted in 405 (Method Not Allowed); invoking error handler
date:2014-01-10 19:48:21	thread:main	X-Track:	level:WARN 	logger:org.springframework.web.client.RestTemplate     	message:POST request for "http://localhost:9999/terasoluna-gfw-web-blank/members/087f9e24-0b4e-430e-b444-310431358864" resulted in 405 (Method Not Allowed); invoking error handler
date:2014-01-10 19:48:21	thread:main	X-Track:	level:WARN 	logger:org.springframework.web.client.RestTemplate     	message:PUT request for "http://localhost:9999/terasoluna-gfw-web-blank/members/146b4b0a-edec-47ef-9438-02048d952d70" resulted in 415 (Unsupported Media Type); invoking error handler
date:2014-01-10 19:48:22	thread:main	X-Track:	level:WARN 	logger:org.springframework.web.client.RestTemplate     	message:GET request for "http://localhost:9999/terasoluna-gfw-web-blank/members?name=" resulted in 400 (Bad Request); invoking error handler
date:2014-01-10 19:48:22	thread:main	X-Track:	level:WARN 	logger:org.springframework.web.client.RestTemplate     	message:POST request for "http://localhost:9999/terasoluna-gfw-web-blank/members" resulted in 400 (Bad Request); invoking error handler
date:2014-01-10 19:48:22	thread:main	X-Track:	level:WARN 	logger:org.springframework.web.client.RestTemplate     	message:POST request for "http://localhost:9999/terasoluna-gfw-web-blank/members" resulted in 400 (Bad Request); invoking error handler
date:2014-01-10 19:48:22	thread:main	X-Track:	level:WARN 	logger:org.springframework.web.client.RestTemplate     	message:GET request for "http://localhost:9999/terasoluna-gfw-web-blank/members/xxxx" resulted in 404 (Not Found); invoking error handler
date:2014-01-10 19:48:22	thread:main	X-Track:	level:WARN 	logger:org.springframework.web.client.RestTemplate     	message:GET request for "http://localhost:9999/terasoluna-gfw-web-blank/members/13a64175-6258-49f7-8af9-4c105a464bac.xml" resulted in 406 (Not Acceptable); invoking error handler
date:2014-01-10 19:50:58	thread:main	X-Track:	level:WARN 	logger:org.springframework.web.client.RestTemplate     	message:GET request for "http://localhost:9999/terasoluna-gfw-web-blank/members?name=" resulted in 400 (Bad Request); invoking error handler
date:2014-01-10 19:50:58	thread:main	X-Track:	level:WARN 	logger:org.springframework.web.client.RestTemplate     	message:DELETE request for "http://localhost:9999/terasoluna-gfw-web-blank/members" resulted in 405 (Method Not Allowed); invoking error handler
date:2014-01-10 19:50:59	thread:main	X-Track:	level:WARN 	logger:org.springframework.web.client.RestTemplate     	message:POST request for "http://localhost:9999/terasoluna-gfw-web-blank/members/4bffffb7-d313-48d8-895e-eee92085bf55" resulted in 405 (Method Not Allowed); invoking error handler
date:2014-01-10 19:50:59	thread:main	X-Track:	level:WARN 	logger:org.springframework.web.client.RestTemplate     	message:PUT request for "http://localhost:9999/terasoluna-gfw-web-blank/members/9b995510-a168-4ff9-a8ac-25c70825c8a9" resulted in 415 (Unsupported Media Type); invoking error handler
date:2014-01-10 19:50:59	thread:main	X-Track:	level:WARN 	logger:org.springframework.web.client.RestTemplate     	message:POST request for "http://localhost:9999/terasoluna-gfw-web-blank/members" resulted in 400 (Bad Request); invoking error handler
date:2014-01-10 19:50:59	thread:main	X-Track:	level:WARN 	logger:org.springframework.web.client.RestTemplate     	message:POST request for "http://localhost:9999/terasoluna-gfw-web-blank/members" resulted in 400 (Bad Request); invoking error handler
date:2014-01-10 19:50:59	thread:main	X-Track:	level:WARN 	logger:org.springframework.web.client.RestTemplate     	message:GET request for "http://localhost:9999/terasoluna-gfw-web-blank/members/xxxx" resulted in 404 (Not Found); invoking error handler
date:2014-01-10 19:50:59	thread:main	X-Track:	level:WARN 	logger:org.springframework.web.client.RestTemplate     	message:GET request for "http://localhost:9999/terasoluna-gfw-web-blank/members/fc3938ae-cabb-4e3f-8793-2e3f4c5519d3.xml" resulted in 406 (Not Acceptable); invoking error handler
date:2014-01-10 20:12:30	thread:main	X-Track:	level:WARN 	logger:org.springframework.web.client.RestTemplate     	message:DELETE request for "http://localhost:9999/terasoluna-gfw-web-blank/members" resulted in 405 (Method Not Allowed); invoking error handler
date:2014-01-10 20:12:31	thread:main	X-Track:	level:WARN 	logger:org.springframework.web.client.RestTemplate     	message:POST request for "http://localhost:9999/terasoluna-gfw-web-blank/members/162247c6-32fc-464a-a1fb-a9e3d85e605d" resulted in 405 (Method Not Allowed); invoking error handler
date:2014-01-10 20:12:31	thread:main	X-Track:	level:WARN 	logger:org.springframework.web.client.RestTemplate     	message:PUT request for "http://localhost:9999/terasoluna-gfw-web-blank/members/ddf4891b-33b9-48ed-81b7-fdc0fbdc1738" resulted in 415 (Unsupported Media Type); invoking error handler
date:2014-01-10 20:12:31	thread:main	X-Track:	level:WARN 	logger:org.springframework.web.client.RestTemplate     	message:GET request for "http://localhost:9999/terasoluna-gfw-web-blank/members?name=" resulted in 400 (Bad Request); invoking error handler
date:2014-01-10 20:12:31	thread:main	X-Track:	level:WARN 	logger:org.springframework.web.client.RestTemplate     	message:POST request for "http://localhost:9999/terasoluna-gfw-web-blank/members" resulted in 400 (Bad Request); invoking error handler
date:2014-01-10 20:12:31	thread:main	X-Track:	level:WARN 	logger:org.springframework.web.client.RestTemplate     	message:POST request for "http://localhost:9999/terasoluna-gfw-web-blank/members" resulted in 400 (Bad Request); invoking error handler
date:2014-01-10 20:12:32	thread:main	X-Track:	level:WARN 	logger:org.springframework.web.client.RestTemplate     	message:GET request for "http://localhost:9999/terasoluna-gfw-web-blank/members/6dec659a-78d5-486f-b8cc-041126c5a22e.xml" resulted in 406 (Not Acceptable); invoking error handler
date:2014-01-10 20:12:32	thread:main	X-Track:	level:WARN 	logger:org.springframework.web.client.RestTemplate     	message:GET request for "http://localhost:9999/terasoluna-gfw-web-blank/members/xxxx" resulted in 404 (Not Found); invoking error handler
date:2014-01-10 20:14:49	thread:main	X-Track:	level:WARN 	logger:org.springframework.web.client.RestTemplate     	message:DELETE request for "http://localhost:9999/terasoluna-gfw-web-blank/members" resulted in 405 (Method Not Allowed); invoking error handler
date:2014-01-10 20:14:49	thread:main	X-Track:	level:WARN 	logger:org.springframework.web.client.RestTemplate     	message:POST request for "http://localhost:9999/terasoluna-gfw-web-blank/members/13437b0f-4689-4da1-a420-9642794d51be" resulted in 405 (Method Not Allowed); invoking error handler
date:2014-01-10 20:14:49	thread:main	X-Track:	level:WARN 	logger:org.springframework.web.client.RestTemplate     	message:PUT request for "http://localhost:9999/terasoluna-gfw-web-blank/members/da70e9ec-7db0-48e9-8e58-0eb7cc59e0ad" resulted in 415 (Unsupported Media Type); invoking error handler
date:2014-01-10 20:14:49	thread:main	X-Track:	level:WARN 	logger:org.springframework.web.client.RestTemplate     	message:GET request for "http://localhost:9999/terasoluna-gfw-web-blank/members?name=" resulted in 400 (Bad Request); invoking error handler
date:2014-01-10 20:14:49	thread:main	X-Track:	level:WARN 	logger:org.springframework.web.client.RestTemplate     	message:POST request for "http://localhost:9999/terasoluna-gfw-web-blank/members" resulted in 400 (Bad Request); invoking error handler
date:2014-01-10 20:14:49	thread:main	X-Track:	level:WARN 	logger:org.springframework.web.client.RestTemplate     	message:POST request for "http://localhost:9999/terasoluna-gfw-web-blank/members" resulted in 400 (Bad Request); invoking error handler
date:2014-01-10 20:14:50	thread:main	X-Track:	level:WARN 	logger:org.springframework.web.client.RestTemplate     	message:GET request for "http://localhost:9999/terasoluna-gfw-web-blank/members/xxxx" resulted in 404 (Not Found); invoking error handler
date:2014-01-10 20:14:50	thread:main	X-Track:	level:WARN 	logger:org.springframework.web.client.RestTemplate     	message:GET request for "http://localhost:9999/terasoluna-gfw-web-blank/members/6b3194f2-1377-4de1-b283-4390bb2735d8.xml" resulted in 406 (Not Acceptable); invoking error handler
date:2014-01-10 20:15:48	thread:main	X-Track:	level:WARN 	logger:org.springframework.web.client.RestTemplate     	message:DELETE request for "http://localhost:9999/terasoluna-gfw-web-blank/members" resulted in 405 (Method Not Allowed); invoking error handler
date:2014-01-10 20:15:49	thread:main	X-Track:	level:WARN 	logger:org.springframework.web.client.RestTemplate     	message:POST request for "http://localhost:9999/terasoluna-gfw-web-blank/members/cc55c88a-aeea-4b1f-89ff-5bf226b2ad8b" resulted in 405 (Method Not Allowed); invoking error handler
date:2014-01-10 20:15:49	thread:main	X-Track:	level:WARN 	logger:org.springframework.web.client.RestTemplate     	message:PUT request for "http://localhost:9999/terasoluna-gfw-web-blank/members/62cfa391-dcc8-4389-b864-ba639d00926b" resulted in 415 (Unsupported Media Type); invoking error handler
date:2014-01-10 20:15:49	thread:main	X-Track:	level:WARN 	logger:org.springframework.web.client.RestTemplate     	message:GET request for "http://localhost:9999/terasoluna-gfw-web-blank/members?name=" resulted in 400 (Bad Request); invoking error handler
date:2014-01-10 20:15:49	thread:main	X-Track:	level:WARN 	logger:org.springframework.web.client.RestTemplate     	message:POST request for "http://localhost:9999/terasoluna-gfw-web-blank/members" resulted in 400 (Bad Request); invoking error handler
date:2014-01-10 20:15:49	thread:main	X-Track:	level:WARN 	logger:org.springframework.web.client.RestTemplate     	message:POST request for "http://localhost:9999/terasoluna-gfw-web-blank/members" resulted in 400 (Bad Request); invoking error handler
date:2014-01-10 20:15:50	thread:main	X-Track:	level:WARN 	logger:org.springframework.web.client.RestTemplate     	message:GET request for "http://localhost:9999/terasoluna-gfw-web-blank/members/0f6cccb1-8b91-4fc4-927e-067984694941.xml" resulted in 406 (Not Acceptable); invoking error handler
date:2014-01-10 20:15:50	thread:main	X-Track:	level:WARN 	logger:org.springframework.web.client.RestTemplate     	message:GET request for "http://localhost:9999/terasoluna-gfw-web-blank/members/xxxx" resulted in 404 (Not Found); invoking error handler
date:2014-01-10 20:17:01	thread:main	X-Track:	level:WARN 	logger:org.springframework.web.client.RestTemplate     	message:GET request for "http://localhost:9999/terasoluna-gfw-web-blank/members/xxxx" resulted in 404 (Not Found); invoking error handler
date:2014-01-10 20:19:30	thread:main	X-Track:	level:WARN 	logger:org.springframework.web.client.RestTemplate     	message:GET request for "http://localhost:9999/terasoluna-gfw-web-blank/xxx/xxxx" resulted in 404 (Not Found); invoking error handler
date:2014-01-10 21:36:55	thread:main	X-Track:	level:WARN 	logger:org.springframework.web.client.RestTemplate     	message:DELETE request for "http://localhost:9999/terasoluna-gfw-web-blank/members" resulted in 405 (Method Not Allowed); invoking error handler
date:2014-01-10 21:36:56	thread:main	X-Track:	level:WARN 	logger:org.springframework.web.client.RestTemplate     	message:POST request for "http://localhost:9999/terasoluna-gfw-web-blank/members/575fc7f5-ad27-4193-abb0-26b2daab5a40" resulted in 405 (Method Not Allowed); invoking error handler
date:2014-01-10 21:36:56	thread:main	X-Track:	level:WARN 	logger:org.springframework.web.client.RestTemplate     	message:PUT request for "http://localhost:9999/terasoluna-gfw-web-blank/members/38c89143-98f0-4eab-ae7d-7bf5f7ce11f9" resulted in 415 (Unsupported Media Type); invoking error handler
date:2014-01-10 21:36:56	thread:main	X-Track:	level:WARN 	logger:org.springframework.web.client.RestTemplate     	message:GET request for "http://localhost:9999/terasoluna-gfw-web-blank/members/xxxx" resulted in 404 (Not Found); invoking error handler
date:2014-01-10 21:36:56	thread:main	X-Track:	level:WARN 	logger:org.springframework.web.client.RestTemplate     	message:GET request for "http://localhost:9999/terasoluna-gfw-web-blank/members?name=" resulted in 400 (Bad Request); invoking error handler
date:2014-01-10 21:36:56	thread:main	X-Track:	level:WARN 	logger:org.springframework.web.client.RestTemplate     	message:GET request for "http://localhost:9999/terasoluna-gfw-web-blank/xxx/xxxx" resulted in 404 (Not Found); invoking error handler
date:2014-01-10 21:36:57	thread:main	X-Track:	level:WARN 	logger:org.springframework.web.client.RestTemplate     	message:POST request for "http://localhost:9999/terasoluna-gfw-web-blank/members" resulted in 400 (Bad Request); invoking error handler
date:2014-01-10 21:36:57	thread:main	X-Track:	level:WARN 	logger:org.springframework.web.client.RestTemplate     	message:POST request for "http://localhost:9999/terasoluna-gfw-web-blank/members" resulted in 400 (Bad Request); invoking error handler
date:2014-01-10 21:36:57	thread:main	X-Track:	level:WARN 	logger:org.springframework.web.client.RestTemplate     	message:GET request for "http://localhost:9999/terasoluna-gfw-web-blank/members/57bcfa81-ee90-4e4e-8838-c07875e90be2.xml" resulted in 406 (Not Acceptable); invoking error handler
date:2014-01-10 21:39:03	thread:main	X-Track:	level:WARN 	logger:org.springframework.web.client.RestTemplate     	message:GET request for "http://localhost:9999/terasoluna-gfw-web-blank/members?name=" resulted in 400 (Bad Request); invoking error handler
date:2014-01-10 21:39:03	thread:main	X-Track:	level:WARN 	logger:org.springframework.web.client.RestTemplate     	message:GET request for "http://localhost:9999/terasoluna-gfw-web-blank/xxx/xxxx" resulted in 404 (Not Found); invoking error handler
date:2014-01-10 21:39:03	thread:main	X-Track:	level:WARN 	logger:org.springframework.web.client.RestTemplate     	message:DELETE request for "http://localhost:9999/terasoluna-gfw-web-blank/members" resulted in 405 (Method Not Allowed); invoking error handler
date:2014-01-10 21:39:04	thread:main	X-Track:	level:WARN 	logger:org.springframework.web.client.RestTemplate     	message:POST request for "http://localhost:9999/terasoluna-gfw-web-blank/members/0766e68c-2144-4d69-9826-26b58e3f8b98" resulted in 405 (Method Not Allowed); invoking error handler
date:2014-01-10 21:39:04	thread:main	X-Track:	level:WARN 	logger:org.springframework.web.client.RestTemplate     	message:PUT request for "http://localhost:9999/terasoluna-gfw-web-blank/members/4833c888-d4da-41da-a08e-50f64f2573cb" resulted in 415 (Unsupported Media Type); invoking error handler
date:2014-01-10 21:39:04	thread:main	X-Track:	level:WARN 	logger:org.springframework.web.client.RestTemplate     	message:GET request for "http://localhost:9999/terasoluna-gfw-web-blank/members/xxxx" resulted in 404 (Not Found); invoking error handler
date:2014-01-10 21:39:04	thread:main	X-Track:	level:WARN 	logger:org.springframework.web.client.RestTemplate     	message:POST request for "http://localhost:9999/terasoluna-gfw-web-blank/members" resulted in 400 (Bad Request); invoking error handler
date:2014-01-10 21:39:04	thread:main	X-Track:	level:WARN 	logger:org.springframework.web.client.RestTemplate     	message:POST request for "http://localhost:9999/terasoluna-gfw-web-blank/members" resulted in 400 (Bad Request); invoking error handler
date:2014-01-10 21:39:04	thread:main	X-Track:	level:WARN 	logger:org.springframework.web.client.RestTemplate     	message:GET request for "http://localhost:9999/terasoluna-gfw-web-blank/members/894f8a7c-9698-47b9-8a0d-3c56f6e3d128.xml" resulted in 406 (Not Acceptable); invoking error handler
date:2014-01-10 21:43:43	thread:main	X-Track:	level:WARN 	logger:org.springframework.web.client.RestTemplate     	message:POST request for "http://localhost:9999/terasoluna-gfw-web-blank/members" resulted in 400 (Bad Request); invoking error handler
date:2014-01-10 21:47:28	thread:main	X-Track:	level:WARN 	logger:org.springframework.web.client.RestTemplate     	message:PUT request for "http://localhost:9999/terasoluna-gfw-web-blank/members/17a1a6a5-a742-4f2e-b085-c704a9e30bea" resulted in 400 (Bad Request); invoking error handler
date:2014-01-10 21:58:07	thread:main	X-Track:	level:WARN 	logger:org.springframework.web.client.RestTemplate     	message:GET request for "http://localhost:9999/terasoluna-gfw-web-blank/members?name=" resulted in 400 (Bad Request); invoking error handler
date:2014-01-10 21:58:07	thread:main	X-Track:	level:WARN 	logger:org.springframework.web.client.RestTemplate     	message:GET request for "http://localhost:9999/terasoluna-gfw-web-blank/xxx/xxxx" resulted in 404 (Not Found); invoking error handler
date:2014-01-10 21:58:07	thread:main	X-Track:	level:WARN 	logger:org.springframework.web.client.RestTemplate     	message:DELETE request for "http://localhost:9999/terasoluna-gfw-web-blank/members" resulted in 405 (Method Not Allowed); invoking error handler
date:2014-01-10 21:58:08	thread:main	X-Track:	level:WARN 	logger:org.springframework.web.client.RestTemplate     	message:POST request for "http://localhost:9999/terasoluna-gfw-web-blank/members/d8d2a58d-a441-4289-a9ee-11799872449c" resulted in 405 (Method Not Allowed); invoking error handler
date:2014-01-10 21:58:08	thread:main	X-Track:	level:WARN 	logger:org.springframework.web.client.RestTemplate     	message:PUT request for "http://localhost:9999/terasoluna-gfw-web-blank/members/1e5d037e-9cd2-4d16-9c9b-2767193700eb" resulted in 415 (Unsupported Media Type); invoking error handler
date:2014-01-10 21:58:08	thread:main	X-Track:	level:WARN 	logger:org.springframework.web.client.RestTemplate     	message:GET request for "http://localhost:9999/terasoluna-gfw-web-blank/members/xxxx" resulted in 404 (Not Found); invoking error handler
date:2014-01-10 21:58:08	thread:main	X-Track:	level:WARN 	logger:org.springframework.web.client.RestTemplate     	message:POST request for "http://localhost:9999/terasoluna-gfw-web-blank/members" resulted in 400 (Bad Request); invoking error handler
date:2014-01-10 21:58:08	thread:main	X-Track:	level:WARN 	logger:org.springframework.web.client.RestTemplate     	message:POST request for "http://localhost:9999/terasoluna-gfw-web-blank/members" resulted in 400 (Bad Request); invoking error handler
date:2014-01-10 21:58:08	thread:main	X-Track:	level:WARN 	logger:org.springframework.web.client.RestTemplate     	message:GET request for "http://localhost:9999/terasoluna-gfw-web-blank/members/14377c92-7ca0-45c1-a1a4-14c13cadfd3d.xml" resulted in 406 (Not Acceptable); invoking error handler
date:2014-01-10 21:58:08	thread:main	X-Track:	level:WARN 	logger:org.springframework.web.client.RestTemplate     	message:PUT request for "http://localhost:9999/terasoluna-gfw-web-blank/members/010f5b3c-758c-4def-8f38-069608ecab32" resulted in 400 (Bad Request); invoking error handler
date:2014-01-10 21:58:46	thread:main	X-Track:	level:WARN 	logger:org.springframework.web.client.RestTemplate     	message:GET request for "http://localhost:9999/terasoluna-gfw-web-blank/members?name=" resulted in 400 (Bad Request); invoking error handler
date:2014-01-10 21:58:46	thread:main	X-Track:	level:WARN 	logger:org.springframework.web.client.RestTemplate     	message:GET request for "http://localhost:9999/terasoluna-gfw-web-blank/xxx/xxxx" resulted in 404 (Not Found); invoking error handler
date:2014-01-10 21:58:46	thread:main	X-Track:	level:WARN 	logger:org.springframework.web.client.RestTemplate     	message:DELETE request for "http://localhost:9999/terasoluna-gfw-web-blank/members" resulted in 405 (Method Not Allowed); invoking error handler
date:2014-01-10 21:58:47	thread:main	X-Track:	level:WARN 	logger:org.springframework.web.client.RestTemplate     	message:POST request for "http://localhost:9999/terasoluna-gfw-web-blank/members/500eab9b-082f-4250-b586-f941f02848ae" resulted in 405 (Method Not Allowed); invoking error handler
date:2014-01-10 21:58:47	thread:main	X-Track:	level:WARN 	logger:org.springframework.web.client.RestTemplate     	message:PUT request for "http://localhost:9999/terasoluna-gfw-web-blank/members/ed81febc-3d32-4c97-ad2f-3c368fa31079" resulted in 415 (Unsupported Media Type); invoking error handler
date:2014-01-10 21:58:47	thread:main	X-Track:	level:WARN 	logger:org.springframework.web.client.RestTemplate     	message:GET request for "http://localhost:9999/terasoluna-gfw-web-blank/members/xxxx" resulted in 404 (Not Found); invoking error handler
date:2014-01-10 21:58:47	thread:main	X-Track:	level:WARN 	logger:org.springframework.web.client.RestTemplate     	message:POST request for "http://localhost:9999/terasoluna-gfw-web-blank/members" resulted in 400 (Bad Request); invoking error handler
date:2014-01-10 21:58:47	thread:main	X-Track:	level:WARN 	logger:org.springframework.web.client.RestTemplate     	message:POST request for "http://localhost:9999/terasoluna-gfw-web-blank/members" resulted in 400 (Bad Request); invoking error handler
date:2014-01-10 21:58:47	thread:main	X-Track:	level:WARN 	logger:org.springframework.web.client.RestTemplate     	message:GET request for "http://localhost:9999/terasoluna-gfw-web-blank/members/6acc6e06-1e87-425e-861d-46407df0ebd6.xml" resulted in 406 (Not Acceptable); invoking error handler
date:2014-01-10 21:58:47	thread:main	X-Track:	level:WARN 	logger:org.springframework.web.client.RestTemplate     	message:PUT request for "http://localhost:9999/terasoluna-gfw-web-blank/members/594b5ca7-5f36-44e8-8385-504cb82e420b" resulted in 400 (Bad Request); invoking error handler
